Flutter crash report.
Please report a bug at https://github.com/flutter/flutter/issues.

## command

flutter --no-color run --machine --track-widget-creation --device-id=ydyhzx9dbmfe8p9p --start-paused --dart-define=flutter.inspector.structuredErrors=true --devtools-server-address=http://127.0.0.1:9104 lib\main.dart

## exception

UnsupportedError: Unsupported operation: Illegal character in path: intl\app_localization.dart

```
#0      _Uri._checkWindowsPathReservedCharacters (dart:core/uri.dart:1829:11)
#1      _Uri._toWindowsFilePath (dart:core/uri.dart:2863:7)
#2      _Uri.toFilePath (dart:core/uri.dart:2835:38)
#3      generateLocalizations (package:flutter_tools/src/localizations/gen_l10n.dart:47:68)
#4      GenerateLocalizationsTarget.build (package:flutter_tools/src/build_system/targets/localizations.dart:56:5)
#5      _BuildInstance._invokeInternal (package:flutter_tools/src/build_system/build_system.dart:839:27)
<asynchronous suspension>
#6      FlutterBuildSystem.build (package:flutter_tools/src/build_system/build_system.dart:606:16)
<asynchronous suspension>
#7      generateLocalizationsSyntheticPackage (package:flutter_tools/src/dart/generate_synthetic_packages.dart:58:30)
<asynchronous suspension>
#8      FlutterCommand.verifyThenRunCommand (package:flutter_tools/src/runner/flutter_command.dart:1318:7)
<asynchronous suspension>
#9      FlutterCommand.run.<anonymous closure> (package:flutter_tools/src/runner/flutter_command.dart:1183:27)
<asynchronous suspension>
#10     AppContext.run.<anonymous closure> (package:flutter_tools/src/base/context.dart:150:19)
<asynchronous suspension>
#11     CommandRunner.runCommand (package:args/command_runner.dart:209:13)
<asynchronous suspension>
#12     FlutterCommandRunner.runCommand.<anonymous closure> (package:flutter_tools/src/runner/flutter_command_runner.dart:281:9)
<asynchronous suspension>
#13     AppContext.run.<anonymous closure> (package:flutter_tools/src/base/context.dart:150:19)
<asynchronous suspension>
#14     FlutterCommandRunner.runCommand (package:flutter_tools/src/runner/flutter_command_runner.dart:229:5)
<asynchronous suspension>
#15     run.<anonymous closure>.<anonymous closure> (package:flutter_tools/runner.dart:62:9)
<asynchronous suspension>
#16     AppContext.run.<anonymous closure> (package:flutter_tools/src/base/context.dart:150:19)
<asynchronous suspension>
#17     main (package:flutter_tools/executable.dart:94:3)
<asynchronous suspension>
```

## flutter doctor

```
[✓] Flutter (Channel stable, 3.0.2, on Microsoft Windows [Version 10.0.19044.1766], locale ar-SY)
    • Flutter version 3.0.2 at C:\src\flutter
    • Upstream repository https://github.com/flutter/flutter.git
    • Framework revision cd41fdd495 (13 days ago), 2022-06-08 09:52:13 -0700
    • Engine revision f15f824b57
    • Dart version 2.17.3
    • DevTools version 2.12.2

[✓] Android toolchain - develop for Android devices (Android SDK version 30.0.3)
    • Android SDK at C:\Users\thuraya\AppData\Local\Android\sdk
    • Platform android-31, build-tools 30.0.3
    • Java binary at: C:\Program Files\Android\Android Studio1\jre\bin\java
    • Java version OpenJDK Runtime Environment (build 11.0.12+7-b1504.28-7817840)
    • All Android licenses accepted.

[✓] Chrome - develop for the web
    • Chrome at C:\Program Files\Google\Chrome\Application\chrome.exe

[!] Visual Studio - develop for Windows (Visual Studio Enterprise 2019 16.8.4)
    • Visual Studio at C:\Program Files (x86)\Microsoft Visual Studio\2019\Enterprise
    • Visual Studio Enterprise 2019 version 16.8.30907.101
    ✗ The current Visual Studio installation is incomplete. Please reinstall Visual Studio.

[✓] Android Studio (version 2020.3)
    • Android Studio at C:\Program Files\Android\Android Studio
    • Flutter plugin can be installed from:
      🔨 https://plugins.jetbrains.com/plugin/9212-flutter
    • Dart plugin can be installed from:
      🔨 https://plugins.jetbrains.com/plugin/6351-dart
    • Java version OpenJDK Runtime Environment (build 11.0.10+0-b96-7249189)

[✓] Android Studio (version 2021.2)
    • Android Studio at C:\Program Files\Android\Android Studio1
    • Flutter plugin can be installed from:
      🔨 https://plugins.jetbrains.com/plugin/9212-flutter
    • Dart plugin can be installed from:
      🔨 https://plugins.jetbrains.com/plugin/6351-dart
    • Java version OpenJDK Runtime Environment (build 11.0.12+7-b1504.28-7817840)

[✓] VS Code (version 1.68.1)
    • VS Code at C:\Users\thuraya\AppData\Local\Programs\Microsoft VS Code
    • Flutter extension version 3.42.0

[✓] Connected device (4 available)
    • Redmi Note 8 Pro (mobile) • ydyhzx9dbmfe8p9p • android-arm64  • Android 10 (API 29)
    • Windows (desktop)         • windows          • windows-x64    • Microsoft Windows [Version 10.0.19044.1766]
    • Chrome (web)              • chrome           • web-javascript • Google Chrome 102.0.5005.115
    • Edge (web)                • edge             • web-javascript • Microsoft Edge 102.0.1245.44

[✓] HTTP Host Availability
    • All required HTTP hosts are available

! Doctor found issues in 1 category.
```
